DEMO/MyApplication/AndroidSDK/build/outputs/mapping/release/seeds.txt
com.leanplum.ActionArgs
com.leanplum.ActionArgs: ActionArgs()
com.leanplum.ActionArgs: com.leanplum.ActionArgs with(java.lang.String,java.lang.Object)
com.leanplum.ActionArgs: com.leanplum.ActionArgs withColor(java.lang.String,int)
com.leanplum.ActionArgs: com.leanplum.ActionArgs withFile(java.lang.String,java.lang.String)
com.leanplum.ActionArgs: com.leanplum.ActionArgs withAsset(java.lang.String,java.lang.String)
com.leanplum.ActionArgs: com.leanplum.ActionArgs withAction(java.lang.String,java.lang.String)
com.leanplum.ActionContext
com.leanplum.ActionContext: ActionContext(java.lang.String,java.util.Map,java.lang.String)
com.leanplum.ActionContext: ActionContext(java.lang.String,java.util.Map,java.lang.String,java.lang.String,int)
com.leanplum.ActionContext: void preventRealtimeUpdating()
com.leanplum.ActionContext: void setContextualValues(com.leanplum.ActionContext$ContextualValues)
com.leanplum.ActionContext: void update()
com.leanplum.ActionContext: java.lang.String actionName()
com.leanplum.ActionContext: java.lang.Object objectNamed(java.lang.String)
com.leanplum.ActionContext: java.lang.String stringNamed(java.lang.String)
com.leanplum.ActionContext: java.io.InputStream streamNamed(java.lang.String)
com.leanplum.ActionContext: boolean booleanNamed(java.lang.String)
com.leanplum.ActionContext: java.lang.Number numberNamed(java.lang.String)
com.leanplum.ActionContext: void runActionNamed(java.lang.String)
com.leanplum.ActionContext: void runTrackedActionNamed(java.lang.String)
com.leanplum.ActionContext: void track(java.lang.String,double,java.util.Map)
com.leanplum.ActionContext: void muteFutureMessagesOfSameKind()
com.leanplum.ActionContext: int compareTo(com.leanplum.ActionContext)
com.leanplum.ActionContext: int compareTo(java.lang.Object)
com.leanplum.ActionContext$ContextualValues
com.leanplum.ActionContext$ContextualValues: java.util.Map parameters
com.leanplum.ActionContext$ContextualValues: java.lang.Object previousAttributeValue
com.leanplum.ActionContext$ContextualValues: java.lang.Object attributeValue
com.leanplum.ActionContext$ContextualValues: ActionContext$ContextualValues()
com.leanplum.BuildConfig
com.leanplum.BuildConfig: boolean DEBUG
com.leanplum.BuildConfig: java.lang.String APPLICATION_ID
com.leanplum.BuildConfig: java.lang.String BUILD_TYPE
com.leanplum.BuildConfig: java.lang.String FLAVOR
com.leanplum.BuildConfig: int VERSION_CODE
com.leanplum.BuildConfig: java.lang.String VERSION_NAME
com.leanplum.BuildConfig: BuildConfig()
com.leanplum.Leanplum
com.leanplum.Leanplum: int ACTION_KIND_MESSAGE
com.leanplum.Leanplum: int ACTION_KIND_ACTION
com.leanplum.Leanplum: java.lang.String PURCHASE_EVENT_NAME
com.leanplum.Leanplum: void setApiConnectionSettings(java.lang.String,java.lang.String,boolean)
com.leanplum.Leanplum: void setSocketConnectionSettings(java.lang.String,int)
com.leanplum.Leanplum: void setFileHashingEnabledInDevelopmentMode(boolean)
com.leanplum.Leanplum: void setFileUploadingEnabledInDevelopmentMode(boolean)
com.leanplum.Leanplum: void enableVerboseLoggingInDevelopmentMode()
com.leanplum.Leanplum: void setNetworkTimeout(int,int)
com.leanplum.Leanplum: void setCanDownloadContentMidSessionInProductionMode(boolean)
com.leanplum.Leanplum: void setAppIdForDevelopmentMode(java.lang.String,java.lang.String)
com.leanplum.Leanplum: void setAppIdForProductionMode(java.lang.String,java.lang.String)
com.leanplum.Leanplum: void allowInterfaceEditing()
com.leanplum.Leanplum: void trackAllAppScreens()
com.leanplum.Leanplum: boolean isScreenTrackingEnabled()
com.leanplum.Leanplum: boolean isInterfaceEditingEnabled()
com.leanplum.Leanplum: void setDeviceIdMode(com.leanplum.LeanplumDeviceIdMode)
com.leanplum.Leanplum: void setDeviceId(java.lang.String)
com.leanplum.Leanplum: void setApplicationContext(android.content.Context)
com.leanplum.Leanplum: android.content.Context getContext()