DEMO/MyApplication/AndroidSDK/build/outputs/mapping/release/mapping.txt
com.leanplum.ActionArgs -> com.leanplum.ActionArgs:
    java.util.List args -> a
    16:19:void <init>() -> <init>
    30:35:com.leanplum.ActionArgs with(java.lang.String,java.lang.Object) -> with
    45:50:com.leanplum.ActionArgs withColor(java.lang.String,int) -> withColor
    61:66:com.leanplum.ActionArgs withFile(java.lang.String,java.lang.String) -> withFile
    78:83:com.leanplum.ActionArgs withAsset(java.lang.String,java.lang.String) -> withAsset
    93:98:com.leanplum.ActionArgs withAction(java.lang.String,java.lang.String) -> withAction
    102:102:java.util.List getValue() -> a
com.leanplum.ActionContext -> com.leanplum.ActionContext:
    java.lang.String name -> a
    com.leanplum.ActionContext parentContext -> b
    int contentVersion -> c
    java.lang.String key -> d
    boolean preventRealtimeUpdating -> e
    com.leanplum.ActionContext$ContextualValues contextualValues -> f
    56:57:void <init>(java.lang.String,java.util.Map,java.lang.String) -> <init>
    35:66:void <init>(java.lang.String,java.util.Map,java.lang.String,java.lang.String,int) -> <init>
    69:70:void preventRealtimeUpdating() -> preventRealtimeUpdating
    73:74:void setContextualValues(com.leanplum.ActionContext$ContextualValues) -> setContextualValues
    77:82:java.util.Map getDefinition(java.lang.String) -> a
    1141:1141:java.lang.Object com.leanplum.internal.CollectionUtil.uncheckedCast(java.lang.Object):141:141 -> a
    1141:1141:java.util.Map getDefinition(java.lang.String):77 -> a
    90:94:java.util.Map defaultValues() -> b
    2086:2086:java.util.Map getDefinition():86:86 -> b
    2086:2086:java.util.Map defaultValues():90 -> b
    2141:2141:java.lang.Object com.leanplum.internal.CollectionUtil.uncheckedCast(java.lang.Object):141:141 -> b
    2141:2141:java.util.Map defaultValues():90 -> b
    106:107:void update() -> update
    112:142:void updateArgs(java.util.Map,java.lang.String,java.util.Map) -> a
    3098:3102:java.util.Map kinds():98:102 -> a
    3098:3102:void updateArgs(java.util.Map,java.lang.String,java.util.Map):112 -> a
com.leanplum.ActionContext$ContextualValues -> com.leanplum.ActionContext$ContextualValues:
    java.util.Map parameters -> parameters
    java.lang.Object previousAttributeValue -> previousAttributeValue
    java.lang.Object attributeValue -> attributeValue
    38:38:void <init>() -> <init>
com.leanplum.BuildConfig -> com.leanplum.BuildConfig:
    boolean DEBUG -> DEBUG
    java.lang.String APPLICATION_ID -> APPLICATION_ID
    java.lang.String BUILD_TYPE -> BUILD_TYPE
    java.lang.String FLAVOR -> FLAVOR
    int VERSION_CODE -> VERSION_CODE
    java.lang.String VERSION_NAME -> VERSION_NAME
    6:6:void <init>() -> <init>
com.leanplum.GeofenceStatus -> com.leanplum.a:
    47:48:boolean shouldTriggerEnteredGeofence(java.lang.Number,java.lang.Number) -> a
    52:53:boolean shouldTriggerExitedGeofence(java.lang.Number,java.lang.Number) -> b
    1241:1241:void com.leanplum.Leanplum$1.<init>():241:241 -> <init>
    1244:1245:void com.leanplum.Leanplum$1.updateCache():244:245 -> a