DEMO/MyApplication/AndroidSDK/build/outputs/mapping/release/usage.txt
com.leanplum.ActionArgs:
    private static final java.lang.String TAG
com.leanplum.ActionContext:
    private static final java.lang.String TAG
com.leanplum.GeofenceStatus:
    static final int UNKNOWN
    static final int INSIDE
    static final int OUTSIDE
    41:41:GeofenceStatus()
com.leanplum.Leanplum:
    private static final java.lang.String TAG
    1059:1081:static void stop()
    1084:1085:private static void stopInternal()
    1301:1302:static void defineAction(java.lang.String,int,com.leanplum.ActionArgs,java.util.Map)
    53:53:static synthetic void access$600()
com.leanplum.Leanplum$12
com.leanplum.LeanplumException:
    private static final long serialVersionUID
com.leanplum.LeanplumFcmProvider:
    private static final java.lang.String INSTANCE_ID_EVENT
    private static final java.lang.String MESSAGING_EVENT
    private static final java.lang.String PUSH_FCM_LISTENER_SERVICE
    private static final java.lang.String INSTANCE_ID_FCM_SERVICE
com.leanplum.LeanplumGcmProvider:
    private static final java.lang.String ERROR_TIMEOUT
    private static final java.lang.String ERROR_INVALID_SENDER
    private static final java.lang.String ERROR_AUTHENTICATION_FAILED
    private static final java.lang.String ERROR_PHONE_REGISTRATION_ERROR
    private static final java.lang.String ERROR_TOO_MANY_REGISTRATIONS
    private static final java.lang.String SEND_PERMISSION
    private static final java.lang.String RECEIVE_PERMISSION
    private static final java.lang.String RECEIVE_ACTION
    private static final java.lang.String REGISTRATION_ACTION
    private static final java.lang.String INSTANCE_ID_ACTION
    private static final java.lang.String GCM_RECEIVER
    private static final java.lang.String PUSH_LISTENER_SERVICE
    private static final java.lang.String INSTANCE_ID_SERVICE
com.leanplum.LeanplumPushService:
    private static final int NOTIFICATION_ID
com.leanplum.internal.AESCrypt$EncryptionType:
    68:71:private static com.leanplum.internal.AESCrypt$EncryptionType forId(int)
com.leanplum.internal.ActionManager:
    private static final java.lang.String PREFERENCES_NAME
com.leanplum.internal.ClassUtil:
    28:28:public ClassUtil()
com.leanplum.internal.CollectionUtil:
    19:19:public CollectionUtil()
    43:45:public static varargs java.util.HashSet newHashSet(java.lang.Object[])
com.leanplum.internal.Constants:
    static final java.lang.String INVALID_MAC_ADDRESS
    static final java.lang.String INVALID_MAC_ADDRESS_HASH
    static final java.lang.String OLD_INVALID_MAC_ADDRESS_HASH
    static final java.lang.String INVALID_ANDROID_ID
    static final int MAX_DEVICE_ID_LENGTH
    static final int MAX_USER_ID_LENGTH
    static final java.lang.String EVENT_EXCEPTION
    static final java.lang.String HELD_BACK_EVENT_NAME
    static final java.lang.String HELD_BACK_MESSAGE_PREFIX
    10:10:public Constants()
com.leanplum.internal.Constants$Crypt
com.leanplum.internal.Constants$Defaults
com.leanplum.internal.Constants$Files
com.leanplum.internal.Constants$Keys
com.leanplum.internal.Constants$Kinds
com.leanplum.internal.Constants$Messaging
com.leanplum.internal.Constants$Methods
com.leanplum.internal.Constants$Params
com.leanplum.internal.Constants$Values
com.leanplum.internal.FileManager:
    40:40:public FileManager()
    176:177:public static java.lang.String resourcesPath()
    225:225:public static boolean hasInited()